Performing C++ SOURCE FILE Test CXX_FLAG__std_c_14 failed with the following output:
Change Dir: /opt/padavan-ng/trunk/libs/libnghttp2/nghttp2-1.47.0/build/CMakeFiles/CMakeTmp

Run Build Command:"/usr/bin/make" "cmTC_d2e58/fast"
make[4]: Entering directory '/opt/padavan-ng/trunk/libs/libnghttp2/nghttp2-1.47.0/build/CMakeFiles/CMakeTmp'
/usr/bin/make -f CMakeFiles/cmTC_d2e58.dir/build.make CMakeFiles/cmTC_d2e58.dir/build
make[5]: Entering directory '/opt/padavan-ng/trunk/libs/libnghttp2/nghttp2-1.47.0/build/CMakeFiles/CMakeTmp'
Building CXX object CMakeFiles/cmTC_d2e58.dir/src.cxx.o
/opt/padavan-ng/trunk/../toolchain/out/bin/mipsel-linux-uclibc-g++    -Os -fomit-frame-pointer -fno-stack-protector -femit-struct-debug-baseonly -fno-var-tracking -pipe  -DEMBED -I/opt/padavan-ng/trunk/stage/include -Dlinux -D__linux__ -Dunix -Wall -Wno-trigraphs -Wno-strict-aliasing -Wno-format-security -Wno-unused-but-set-variable -Wno-unused-const-variable -Wno-format-truncation -Wno-format-overflow -Wno-misleading-indentation -fconserve-stack -fno-strict-overflow -fno-var-tracking-assignments -fno-merge-all-constants -fmerge-constants -fno-stack-check -fno-delete-null-pointer-checks  -static-libstdc++ -fPIC -fPIC -DCXX_FLAG__std_c_14   -mips32r2 -march=mips32r2 -mtune=1004kc -Os -fomit-frame-pointer -fno-stack-protector -femit-struct-debug-baseonly -fno-var-tracking -pipe  -DEMBED -I/opt/padavan-ng/trunk/stage/include -Dlinux -D__linux__ -Dunix -Wall -Wno-trigraphs -Wno-strict-aliasing -Wno-format-security -Wno-unused-but-set-variable -Wno-unused-const-variable -Wno-format-truncation -Wno-format-overflow -Wno-misleading-indentation -fconserve-stack -fno-strict-overflow -fno-var-tracking-assignments -fno-merge-all-constants -fmerge-constants -fno-stack-check -fno-delete-null-pointer-checks -Wno-pointer-sign -ffunction-sections -fdata-sections -fPIC -fPIC -L/opt/padavan-ng/trunk/stage/lib -Wl,--gc-sections -std=c++14 -o CMakeFiles/cmTC_d2e58.dir/src.cxx.o -c /opt/padavan-ng/trunk/libs/libnghttp2/nghttp2-1.47.0/build/CMakeFiles/CMakeTmp/src.cxx
cc1plus: warning: command line option '-Wno-pointer-sign' is valid for C/ObjC but not for C++
Linking CXX executable cmTC_d2e58
/usr/bin/cmake -E cmake_link_script CMakeFiles/cmTC_d2e58.dir/link.txt --verbose=1
/opt/padavan-ng/trunk/../toolchain/out/bin/mipsel-linux-uclibc-g++  -Os -fomit-frame-pointer -fno-stack-protector -femit-struct-debug-baseonly -fno-var-tracking -pipe  -DEMBED -I/opt/padavan-ng/trunk/stage/include -Dlinux -D__linux__ -Dunix -Wall -Wno-trigraphs -Wno-strict-aliasing -Wno-format-security -Wno-unused-but-set-variable -Wno-unused-const-variable -Wno-format-truncation -Wno-format-overflow -Wno-misleading-indentation -fconserve-stack -fno-strict-overflow -fno-var-tracking-assignments -fno-merge-all-constants -fmerge-constants -fno-stack-check -fno-delete-null-pointer-checks  -static-libstdc++ -fPIC -fPIC -DCXX_FLAG__std_c_14  -L/opt/padavan-ng/trunk/stage/lib -Wl,--gc-sections  -rdynamic CMakeFiles/cmTC_d2e58.dir/src.cxx.o  -o cmTC_d2e58 
make[5]: Leaving directory '/opt/padavan-ng/trunk/libs/libnghttp2/nghttp2-1.47.0/build/CMakeFiles/CMakeTmp'
make[4]: Leaving directory '/opt/padavan-ng/trunk/libs/libnghttp2/nghttp2-1.47.0/build/CMakeFiles/CMakeTmp'

Source file was:
int main() { return 0; }
Determining if the SSL_is_quic exist failed with the following output:
Change Dir: /opt/padavan-ng/trunk/libs/libnghttp2/nghttp2-1.47.0/build/CMakeFiles/CMakeTmp

Run Build Command:"/usr/bin/make" "cmTC_4de4d/fast"
make[4]: Entering directory '/opt/padavan-ng/trunk/libs/libnghttp2/nghttp2-1.47.0/build/CMakeFiles/CMakeTmp'
/usr/bin/make -f CMakeFiles/cmTC_4de4d.dir/build.make CMakeFiles/cmTC_4de4d.dir/build
make[5]: Entering directory '/opt/padavan-ng/trunk/libs/libnghttp2/nghttp2-1.47.0/build/CMakeFiles/CMakeTmp'
Building C object CMakeFiles/cmTC_4de4d.dir/CheckSymbolExists.c.o
/opt/padavan-ng/trunk/../toolchain/out/bin/mipsel-linux-uclibc-gcc  -I/opt/padavan-ng/trunk/stage/include  -Os -fomit-frame-pointer -fno-stack-protector -femit-struct-debug-baseonly -fno-var-tracking -pipe  -DEMBED -I/opt/padavan-ng/trunk/stage/include -Dlinux -D__linux__ -Dunix -Wall -Wno-trigraphs -Wno-strict-aliasing -Wno-format-security -Wno-unused-but-set-variable -Wno-unused-const-variable -Wno-format-truncation -Wno-format-overflow -Wno-misleading-indentation -fconserve-stack -fno-strict-overflow -fno-var-tracking-assignments -fno-merge-all-constants -fmerge-constants -fno-stack-check -fno-delete-null-pointer-checks -Wno-pointer-sign -ffunction-sections -fdata-sections -fPIC -fPIC    -mips32r2 -march=mips32r2 -mtune=1004kc -Os -fomit-frame-pointer -fno-stack-protector -femit-struct-debug-baseonly -fno-var-tracking -pipe  -DEMBED -I/opt/padavan-ng/trunk/stage/include -Dlinux -D__linux__ -Dunix -Wall -Wno-trigraphs -Wno-strict-aliasing -Wno-format-security -Wno-unused-but-set-variable -Wno-unused-const-variable -Wno-format-truncation -Wno-format-overflow -Wno-misleading-indentation -fconserve-stack -fno-strict-overflow -fno-var-tracking-assignments -fno-merge-all-constants -fmerge-constants -fno-stack-check -fno-delete-null-pointer-checks -Wno-pointer-sign -ffunction-sections -fdata-sections -fPIC -fPIC -L/opt/padavan-ng/trunk/stage/lib -Wl,--gc-sections -o CMakeFiles/cmTC_4de4d.dir/CheckSymbolExists.c.o   -c /opt/padavan-ng/trunk/libs/libnghttp2/nghttp2-1.47.0/build/CMakeFiles/CMakeTmp/CheckSymbolExists.c
/opt/padavan-ng/trunk/libs/libnghttp2/nghttp2-1.47.0/build/CMakeFiles/CMakeTmp/CheckSymbolExists.c: In function 'main':
/opt/padavan-ng/trunk/libs/libnghttp2/nghttp2-1.47.0/build/CMakeFiles/CMakeTmp/CheckSymbolExists.c:8:19: error: 'SSL_is_quic' undeclared (first use in this function); did you mean 'SSL_is_dtls'?
   return ((int*)(&SSL_is_quic))[argc];
                   ^~~~~~~~~~~
                   SSL_is_dtls
/opt/padavan-ng/trunk/libs/libnghttp2/nghttp2-1.47.0/build/CMakeFiles/CMakeTmp/CheckSymbolExists.c:8:19: note: each undeclared identifier is reported only once for each function it appears in
CMakeFiles/cmTC_4de4d.dir/build.make:65: recipe for target 'CMakeFiles/cmTC_4de4d.dir/CheckSymbolExists.c.o' failed
make[5]: *** [CMakeFiles/cmTC_4de4d.dir/CheckSymbolExists.c.o] Error 1
make[5]: Leaving directory '/opt/padavan-ng/trunk/libs/libnghttp2/nghttp2-1.47.0/build/CMakeFiles/CMakeTmp'
Makefile:126: recipe for target 'cmTC_4de4d/fast' failed
make[4]: *** [cmTC_4de4d/fast] Error 2
make[4]: Leaving directory '/opt/padavan-ng/trunk/libs/libnghttp2/nghttp2-1.47.0/build/CMakeFiles/CMakeTmp'

File /opt/padavan-ng/trunk/libs/libnghttp2/nghttp2-1.47.0/build/CMakeFiles/CMakeTmp/CheckSymbolExists.c:
/* */
#include <openssl/ssl.h>

int main(int argc, char** argv)
{
  (void)argv;
#ifndef SSL_is_quic
  return ((int*)(&SSL_is_quic))[argc];
#else
  (void)argc;
  return 0;
#endif
}

Performing C SOURCE FILE Test C_FLAG__Wshorten_64_to_32 failed with the following output:
Change Dir: /opt/padavan-ng/trunk/libs/libnghttp2/nghttp2-1.47.0/build/CMakeFiles/CMakeTmp

Run Build Command:"/usr/bin/make" "cmTC_62e7d/fast"
make[4]: Entering directory '/opt/padavan-ng/trunk/libs/libnghttp2/nghttp2-1.47.0/build/CMakeFiles/CMakeTmp'
/usr/bin/make -f CMakeFiles/cmTC_62e7d.dir/build.make CMakeFiles/cmTC_62e7d.dir/build
make[5]: Entering directory '/opt/padavan-ng/trunk/libs/libnghttp2/nghttp2-1.47.0/build/CMakeFiles/CMakeTmp'
Building C object CMakeFiles/cmTC_62e7d.dir/src.c.o
/opt/padavan-ng/trunk/../toolchain/out/bin/mipsel-linux-uclibc-gcc   -Os -fomit-frame-pointer -fno-stack-protector -femit-struct-debug-baseonly -fno-var-tracking -pipe  -DEMBED -I/opt/padavan-ng/trunk/stage/include -Dlinux -D__linux__ -Dunix -Wall -Wno-trigraphs -Wno-strict-aliasing -Wno-format-security -Wno-unused-but-set-variable -Wno-unused-const-variable -Wno-format-truncation -Wno-format-overflow -Wno-misleading-indentation -fconserve-stack -fno-strict-overflow -fno-var-tracking-assignments -fno-merge-all-constants -fmerge-constants -fno-stack-check -fno-delete-null-pointer-checks -Wno-pointer-sign -ffunction-sections -fdata-sections -fPIC -fPIC -DC_FLAG__Wshorten_64_to_32   -mips32r2 -march=mips32r2 -mtune=1004kc -Os -fomit-frame-pointer -fno-stack-protector -femit-struct-debug-baseonly -fno-var-tracking -pipe  -DEMBED -I/opt/padavan-ng/trunk/stage/include -Dlinux -D__linux__ -Dunix -Wall -Wno-trigraphs -Wno-strict-aliasing -Wno-format-security -Wno-unused-but-set-variable -Wno-unused-const-variable -Wno-format-truncation -Wno-format-overflow -Wno-misleading-indentation -fconserve-stack -fno-strict-overflow -fno-var-tracking-assignments -fno-merge-all-constants -fmerge-constants -fno-stack-check -fno-delete-null-pointer-checks -Wno-pointer-sign -ffunction-sections -fdata-sections -fPIC -fPIC -L/opt/padavan-ng/trunk/stage/lib -Wl,--gc-sections -Wshorten-64-to-32 -o CMakeFiles/cmTC_62e7d.dir/src.c.o   -c /opt/padavan-ng/trunk/libs/libnghttp2/nghttp2-1.47.0/build/CMakeFiles/CMakeTmp/src.c
mipsel-linux-uclibc-gcc: error: unrecognized command line option '-Wshorten-64-to-32'
CMakeFiles/cmTC_62e7d.dir/build.make:65: recipe for target 'CMakeFiles/cmTC_62e7d.dir/src.c.o' failed
make[5]: *** [CMakeFiles/cmTC_62e7d.dir/src.c.o] Error 1
make[5]: Leaving directory '/opt/padavan-ng/trunk/libs/libnghttp2/nghttp2-1.47.0/build/CMakeFiles/CMakeTmp'
Makefile:126: recipe for target 'cmTC_62e7d/fast' failed
make[4]: *** [cmTC_62e7d/fast] Error 2
make[4]: Leaving directory '/opt/padavan-ng/trunk/libs/libnghttp2/nghttp2-1.47.0/build/CMakeFiles/CMakeTmp'

Source file was:
int main(void) { return 0; }
Performing C SOURCE FILE Test C_FLAG__Wextended_offsetof failed with the following output:
Change Dir: /opt/padavan-ng/trunk/libs/libnghttp2/nghttp2-1.47.0/build/CMakeFiles/CMakeTmp

Run Build Command:"/usr/bin/make" "cmTC_9e36c/fast"
make[4]: Entering directory '/opt/padavan-ng/trunk/libs/libnghttp2/nghttp2-1.47.0/build/CMakeFiles/CMakeTmp'
/usr/bin/make -f CMakeFiles/cmTC_9e36c.dir/build.make CMakeFiles/cmTC_9e36c.dir/build
make[5]: Entering directory '/opt/padavan-ng/trunk/libs/libnghttp2/nghttp2-1.47.0/build/CMakeFiles/CMakeTmp'
Building C object CMakeFiles/cmTC_9e36c.dir/src.c.o
/opt/padavan-ng/trunk/../toolchain/out/bin/mipsel-linux-uclibc-gcc   -Os -fomit-frame-pointer -fno-stack-protector -femit-struct-debug-baseonly -fno-var-tracking -pipe  -DEMBED -I/opt/padavan-ng/trunk/stage/include -Dlinux -D__linux__ -Dunix -Wall -Wno-trigraphs -Wno-strict-aliasing -Wno-format-security -Wno-unused-but-set-variable -Wno-unused-const-variable -Wno-format-truncation -Wno-format-overflow -Wno-misleading-indentation -fconserve-stack -fno-strict-overflow -fno-var-tracking-assignments -fno-merge-all-constants -fmerge-constants -fno-stack-check -fno-delete-null-pointer-checks -Wno-pointer-sign -ffunction-sections -fdata-sections -fPIC -fPIC -DC_FLAG__Wextended_offsetof   -mips32r2 -march=mips32r2 -mtune=1004kc -Os -fomit-frame-pointer -fno-stack-protector -femit-struct-debug-baseonly -fno-var-tracking -pipe  -DEMBED -I/opt/padavan-ng/trunk/stage/include -Dlinux -D__linux__ -Dunix -Wall -Wno-trigraphs -Wno-strict-aliasing -Wno-format-security -Wno-unused-but-set-variable -Wno-unused-const-variable -Wno-format-truncation -Wno-format-overflow -Wno-misleading-indentation -fconserve-stack -fno-strict-overflow -fno-var-tracking-assignments -fno-merge-all-constants -fmerge-constants -fno-stack-check -fno-delete-null-pointer-checks -Wno-pointer-sign -ffunction-sections -fdata-sections -fPIC -fPIC -L/opt/padavan-ng/trunk/stage/lib -Wl,--gc-sections -Wextended-offsetof -o CMakeFiles/cmTC_9e36c.dir/src.c.o   -c /opt/padavan-ng/trunk/libs/libnghttp2/nghttp2-1.47.0/build/CMakeFiles/CMakeTmp/src.c
mipsel-linux-uclibc-gcc: error: unrecognized command line option '-Wextended-offsetof'; did you mean '-Winvalid-offsetof'?
CMakeFiles/cmTC_9e36c.dir/build.make:65: recipe for target 'CMakeFiles/cmTC_9e36c.dir/src.c.o' failed
make[5]: *** [CMakeFiles/cmTC_9e36c.dir/src.c.o] Error 1
make[5]: Leaving directory '/opt/padavan-ng/trunk/libs/libnghttp2/nghttp2-1.47.0/build/CMakeFiles/CMakeTmp'
Makefile:126: recipe for target 'cmTC_9e36c/fast' failed
make[4]: *** [cmTC_9e36c/fast] Error 2
make[4]: Leaving directory '/opt/padavan-ng/trunk/libs/libnghttp2/nghttp2-1.47.0/build/CMakeFiles/CMakeTmp'

Source file was:
int main(void) { return 0; }
Performing C SOURCE FILE Test C_FLAG__Wlanguage_extension_token failed with the following output:
Change Dir: /opt/padavan-ng/trunk/libs/libnghttp2/nghttp2-1.47.0/build/CMakeFiles/CMakeTmp

Run Build Command:"/usr/bin/make" "cmTC_12c27/fast"
make[4]: Entering directory '/opt/padavan-ng/trunk/libs/libnghttp2/nghttp2-1.47.0/build/CMakeFiles/CMakeTmp'
/usr/bin/make -f CMakeFiles/cmTC_12c27.dir/build.make CMakeFiles/cmTC_12c27.dir/build
make[5]: Entering directory '/opt/padavan-ng/trunk/libs/libnghttp2/nghttp2-1.47.0/build/CMakeFiles/CMakeTmp'
Building C object CMakeFiles/cmTC_12c27.dir/src.c.o
/opt/padavan-ng/trunk/../toolchain/out/bin/mipsel-linux-uclibc-gcc   -Os -fomit-frame-pointer -fno-stack-protector -femit-struct-debug-baseonly -fno-var-tracking -pipe  -DEMBED -I/opt/padavan-ng/trunk/stage/include -Dlinux -D__linux__ -Dunix -Wall -Wno-trigraphs -Wno-strict-aliasing -Wno-format-security -Wno-unused-but-set-variable -Wno-unused-const-variable -Wno-format-truncation -Wno-format-overflow -Wno-misleading-indentation -fconserve-stack -fno-strict-overflow -fno-var-tracking-assignments -fno-merge-all-constants -fmerge-constants -fno-stack-check -fno-delete-null-pointer-checks -Wno-pointer-sign -ffunction-sections -fdata-sections -fPIC -fPIC -DC_FLAG__Wlanguage_extension_token   -mips32r2 -march=mips32r2 -mtune=1004kc -Os -fomit-frame-pointer -fno-stack-protector -femit-struct-debug-baseonly -fno-var-tracking -pipe  -DEMBED -I/opt/padavan-ng/trunk/stage/include -Dlinux -D__linux__ -Dunix -Wall -Wno-trigraphs -Wno-strict-aliasing -Wno-format-security -Wno-unused-but-set-variable -Wno-unused-const-variable -Wno-format-truncation -Wno-format-overflow -Wno-misleading-indentation -fconserve-stack -fno-strict-overflow -fno-var-tracking-assignments -fno-merge-all-constants -fmerge-constants -fno-stack-check -fno-delete-null-pointer-checks -Wno-pointer-sign -ffunction-sections -fdata-sections -fPIC -fPIC -L/opt/padavan-ng/trunk/stage/lib -Wl,--gc-sections -Wlanguage-extension-token -o CMakeFiles/cmTC_12c27.dir/src.c.o   -c /opt/padavan-ng/trunk/libs/libnghttp2/nghttp2-1.47.0/build/CMakeFiles/CMakeTmp/src.c
mipsel-linux-uclibc-gcc: error: unrecognized command line option '-Wlanguage-extension-token'
CMakeFiles/cmTC_12c27.dir/build.make:65: recipe for target 'CMakeFiles/cmTC_12c27.dir/src.c.o' failed
make[5]: *** [CMakeFiles/cmTC_12c27.dir/src.c.o] Error 1
make[5]: Leaving directory '/opt/padavan-ng/trunk/libs/libnghttp2/nghttp2-1.47.0/build/CMakeFiles/CMakeTmp'
Makefile:126: recipe for target 'cmTC_12c27/fast' failed
make[4]: *** [cmTC_12c27/fast] Error 2
make[4]: Leaving directory '/opt/padavan-ng/trunk/libs/libnghttp2/nghttp2-1.47.0/build/CMakeFiles/CMakeTmp'

Source file was:
int main(void) { return 0; }
Performing C SOURCE FILE Test C_FLAG__Wmissing_variable_declarations failed with the following output:
Change Dir: /opt/padavan-ng/trunk/libs/libnghttp2/nghttp2-1.47.0/build/CMakeFiles/CMakeTmp

Run Build Command:"/usr/bin/make" "cmTC_d8359/fast"
make[4]: Entering directory '/opt/padavan-ng/trunk/libs/libnghttp2/nghttp2-1.47.0/build/CMakeFiles/CMakeTmp'
/usr/bin/make -f CMakeFiles/cmTC_d8359.dir/build.make CMakeFiles/cmTC_d8359.dir/build
make[5]: Entering directory '/opt/padavan-ng/trunk/libs/libnghttp2/nghttp2-1.47.0/build/CMakeFiles/CMakeTmp'
Building C object CMakeFiles/cmTC_d8359.dir/src.c.o
/opt/padavan-ng/trunk/../toolchain/out/bin/mipsel-linux-uclibc-gcc   -Os -fomit-frame-pointer -fno-stack-protector -femit-struct-debug-baseonly -fno-var-tracking -pipe  -DEMBED -I/opt/padavan-ng/trunk/stage/include -Dlinux -D__linux__ -Dunix -Wall -Wno-trigraphs -Wno-strict-aliasing -Wno-format-security -Wno-unused-but-set-variable -Wno-unused-const-variable -Wno-format-truncation -Wno-format-overflow -Wno-misleading-indentation -fconserve-stack -fno-strict-overflow -fno-var-tracking-assignments -fno-merge-all-constants -fmerge-constants -fno-stack-check -fno-delete-null-pointer-checks -Wno-pointer-sign -ffunction-sections -fdata-sections -fPIC -fPIC -DC_FLAG__Wmissing_variable_declarations   -mips32r2 -march=mips32r2 -mtune=1004kc -Os -fomit-frame-pointer -fno-stack-protector -femit-struct-debug-baseonly -fno-var-tracking -pipe  -DEMBED -I/opt/padavan-ng/trunk/stage/include -Dlinux -D__linux__ -Dunix -Wall -Wno-trigraphs -Wno-strict-aliasing -Wno-format-security -Wno-unused-but-set-variable -Wno-unused-const-variable -Wno-format-truncation -Wno-format-overflow -Wno-misleading-indentation -fconserve-stack -fno-strict-overflow -fno-var-tracking-assignments -fno-merge-all-constants -fmerge-constants -fno-stack-check -fno-delete-null-pointer-checks -Wno-pointer-sign -ffunction-sections -fdata-sections -fPIC -fPIC -L/opt/padavan-ng/trunk/stage/lib -Wl,--gc-sections -Wmissing-variable-declarations -o CMakeFiles/cmTC_d8359.dir/src.c.o   -c /opt/padavan-ng/trunk/libs/libnghttp2/nghttp2-1.47.0/build/CMakeFiles/CMakeTmp/src.c
mipsel-linux-uclibc-gcc: error: unrecognized command line option '-Wmissing-variable-declarations'; did you mean '-Wmissing-declarations'?
CMakeFiles/cmTC_d8359.dir/build.make:65: recipe for target 'CMakeFiles/cmTC_d8359.dir/src.c.o' failed
make[5]: *** [CMakeFiles/cmTC_d8359.dir/src.c.o] Error 1
make[5]: Leaving directory '/opt/padavan-ng/trunk/libs/libnghttp2/nghttp2-1.47.0/build/CMakeFiles/CMakeTmp'
Makefile:126: recipe for target 'cmTC_d8359/fast' failed
make[4]: *** [cmTC_d8359/fast] Error 2
make[4]: Leaving directory '/opt/padavan-ng/trunk/libs/libnghttp2/nghttp2-1.47.0/build/CMakeFiles/CMakeTmp'

Source file was:
int main(void) { return 0; }
Performing C SOURCE FILE Test C_FLAG__Wunreachable_code_break failed with the following output:
Change Dir: /opt/padavan-ng/trunk/libs/libnghttp2/nghttp2-1.47.0/build/CMakeFiles/CMakeTmp

Run Build Command:"/usr/bin/make" "cmTC_e94db/fast"
make[4]: Entering directory '/opt/padavan-ng/trunk/libs/libnghttp2/nghttp2-1.47.0/build/CMakeFiles/CMakeTmp'
/usr/bin/make -f CMakeFiles/cmTC_e94db.dir/build.make CMakeFiles/cmTC_e94db.dir/build
make[5]: Entering directory '/opt/padavan-ng/trunk/libs/libnghttp2/nghttp2-1.47.0/build/CMakeFiles/CMakeTmp'
Building C object CMakeFiles/cmTC_e94db.dir/src.c.o
/opt/padavan-ng/trunk/../toolchain/out/bin/mipsel-linux-uclibc-gcc   -Os -fomit-frame-pointer -fno-stack-protector -femit-struct-debug-baseonly -fno-var-tracking -pipe  -DEMBED -I/opt/padavan-ng/trunk/stage/include -Dlinux -D__linux__ -Dunix -Wall -Wno-trigraphs -Wno-strict-aliasing -Wno-format-security -Wno-unused-but-set-variable -Wno-unused-const-variable -Wno-format-truncation -Wno-format-overflow -Wno-misleading-indentation -fconserve-stack -fno-strict-overflow -fno-var-tracking-assignments -fno-merge-all-constants -fmerge-constants -fno-stack-check -fno-delete-null-pointer-checks -Wno-pointer-sign -ffunction-sections -fdata-sections -fPIC -fPIC -DC_FLAG__Wunreachable_code_break   -mips32r2 -march=mips32r2 -mtune=1004kc -Os -fomit-frame-pointer -fno-stack-protector -femit-struct-debug-baseonly -fno-var-tracking -pipe  -DEMBED -I/opt/padavan-ng/trunk/stage/include -Dlinux -D__linux__ -Dunix -Wall -Wno-trigraphs -Wno-strict-aliasing -Wno-format-security -Wno-unused-but-set-variable -Wno-unused-const-variable -Wno-format-truncation -Wno-format-overflow -Wno-misleading-indentation -fconserve-stack -fno-strict-overflow -fno-var-tracking-assignments -fno-merge-all-constants -fmerge-constants -fno-stack-check -fno-delete-null-pointer-checks -Wno-pointer-sign -ffunction-sections -fdata-sections -fPIC -fPIC -L/opt/padavan-ng/trunk/stage/lib -Wl,--gc-sections -Wunreachable-code-break -o CMakeFiles/cmTC_e94db.dir/src.c.o   -c /opt/padavan-ng/trunk/libs/libnghttp2/nghttp2-1.47.0/build/CMakeFiles/CMakeTmp/src.c
mipsel-linux-uclibc-gcc: error: unrecognized command line option '-Wunreachable-code-break'; did you mean '-Wunreachable-code'?
CMakeFiles/cmTC_e94db.dir/build.make:65: recipe for target 'CMakeFiles/cmTC_e94db.dir/src.c.o' failed
make[5]: *** [CMakeFiles/cmTC_e94db.dir/src.c.o] Error 1
make[5]: Leaving directory '/opt/padavan-ng/trunk/libs/libnghttp2/nghttp2-1.47.0/build/CMakeFiles/CMakeTmp'
Makefile:126: recipe for target 'cmTC_e94db/fast' failed
make[4]: *** [cmTC_e94db/fast] Error 2
make[4]: Leaving directory '/opt/padavan-ng/trunk/libs/libnghttp2/nghttp2-1.47.0/build/CMakeFiles/CMakeTmp'

Source file was:
int main(void) { return 0; }
Performing C SOURCE FILE Test C_FLAG__Wheader_guard failed with the following output:
Change Dir: /opt/padavan-ng/trunk/libs/libnghttp2/nghttp2-1.47.0/build/CMakeFiles/CMakeTmp

Run Build Command:"/usr/bin/make" "cmTC_c311e/fast"
make[4]: Entering directory '/opt/padavan-ng/trunk/libs/libnghttp2/nghttp2-1.47.0/build/CMakeFiles/CMakeTmp'
/usr/bin/make -f CMakeFiles/cmTC_c311e.dir/build.make CMakeFiles/cmTC_c311e.dir/build
make[5]: Entering directory '/opt/padavan-ng/trunk/libs/libnghttp2/nghttp2-1.47.0/build/CMakeFiles/CMakeTmp'
Building C object CMakeFiles/cmTC_c311e.dir/src.c.o
/opt/padavan-ng/trunk/../toolchain/out/bin/mipsel-linux-uclibc-gcc   -Os -fomit-frame-pointer -fno-stack-protector -femit-struct-debug-baseonly -fno-var-tracking -pipe  -DEMBED -I/opt/padavan-ng/trunk/stage/include -Dlinux -D__linux__ -Dunix -Wall -Wno-trigraphs -Wno-strict-aliasing -Wno-format-security -Wno-unused-but-set-variable -Wno-unused-const-variable -Wno-format-truncation -Wno-format-overflow -Wno-misleading-indentation -fconserve-stack -fno-strict-overflow -fno-var-tracking-assignments -fno-merge-all-constants -fmerge-constants -fno-stack-check -fno-delete-null-pointer-checks -Wno-pointer-sign -ffunction-sections -fdata-sections -fPIC -fPIC -DC_FLAG__Wheader_guard   -mips32r2 -march=mips32r2 -mtune=1004kc -Os -fomit-frame-pointer -fno-stack-protector -femit-struct-debug-baseonly -fno-var-tracking -pipe  -DEMBED -I/opt/padavan-ng/trunk/stage/include -Dlinux -D__linux__ -Dunix -Wall -Wno-trigraphs -Wno-strict-aliasing -Wno-format-security -Wno-unused-but-set-variable -Wno-unused-const-variable -Wno-format-truncation -Wno-format-overflow -Wno-misleading-indentation -fconserve-stack -fno-strict-overflow -fno-var-tracking-assignments -fno-merge-all-constants -fmerge-constants -fno-stack-check -fno-delete-null-pointer-checks -Wno-pointer-sign -ffunction-sections -fdata-sections -fPIC -fPIC -L/opt/padavan-ng/trunk/stage/lib -Wl,--gc-sections -Wheader-guard -o CMakeFiles/cmTC_c311e.dir/src.c.o   -c /opt/padavan-ng/trunk/libs/libnghttp2/nghttp2-1.47.0/build/CMakeFiles/CMakeTmp/src.c
mipsel-linux-uclibc-gcc: error: unrecognized command line option '-Wheader-guard'
CMakeFiles/cmTC_c311e.dir/build.make:65: recipe for target 'CMakeFiles/cmTC_c311e.dir/src.c.o' failed
make[5]: *** [CMakeFiles/cmTC_c311e.dir/src.c.o] Error 1
make[5]: Leaving directory '/opt/padavan-ng/trunk/libs/libnghttp2/nghttp2-1.47.0/build/CMakeFiles/CMakeTmp'
Makefile:126: recipe for target 'cmTC_c311e/fast' failed
make[4]: *** [cmTC_c311e/fast] Error 2
make[4]: Leaving directory '/opt/padavan-ng/trunk/libs/libnghttp2/nghttp2-1.47.0/build/CMakeFiles/CMakeTmp'

Source file was:
int main(void) { return 0; }
Performing C++ SOURCE FILE Test CXX_FLAG__Wall failed with the following output:
Change Dir: /opt/padavan-ng/trunk/libs/libnghttp2/nghttp2-1.47.0/build/CMakeFiles/CMakeTmp

Run Build Command:"/usr/bin/make" "cmTC_4ba51/fast"
make[4]: Entering directory '/opt/padavan-ng/trunk/libs/libnghttp2/nghttp2-1.47.0/build/CMakeFiles/CMakeTmp'
/usr/bin/make -f CMakeFiles/cmTC_4ba51.dir/build.make CMakeFiles/cmTC_4ba51.dir/build
make[5]: Entering directory '/opt/padavan-ng/trunk/libs/libnghttp2/nghttp2-1.47.0/build/CMakeFiles/CMakeTmp'
Building CXX object CMakeFiles/cmTC_4ba51.dir/src.cxx.o
/opt/padavan-ng/trunk/../toolchain/out/bin/mipsel-linux-uclibc-g++    -Os -fomit-frame-pointer -fno-stack-protector -femit-struct-debug-baseonly -fno-var-tracking -pipe  -DEMBED -I/opt/padavan-ng/trunk/stage/include -Dlinux -D__linux__ -Dunix -Wall -Wno-trigraphs -Wno-strict-aliasing -Wno-format-security -Wno-unused-but-set-variable -Wno-unused-const-variable -Wno-format-truncation -Wno-format-overflow -Wno-misleading-indentation -fconserve-stack -fno-strict-overflow -fno-var-tracking-assignments -fno-merge-all-constants -fmerge-constants -fno-stack-check -fno-delete-null-pointer-checks  -static-libstdc++ -fPIC -fPIC -DCXX_FLAG__Wall   -mips32r2 -march=mips32r2 -mtune=1004kc -Os -fomit-frame-pointer -fno-stack-protector -femit-struct-debug-baseonly -fno-var-tracking -pipe  -DEMBED -I/opt/padavan-ng/trunk/stage/include -Dlinux -D__linux__ -Dunix -Wall -Wno-trigraphs -Wno-strict-aliasing -Wno-format-security -Wno-unused-but-set-variable -Wno-unused-const-variable -Wno-format-truncation -Wno-format-overflow -Wno-misleading-indentation -fconserve-stack -fno-strict-overflow -fno-var-tracking-assignments -fno-merge-all-constants -fmerge-constants -fno-stack-check -fno-delete-null-pointer-checks -Wno-pointer-sign -ffunction-sections -fdata-sections -fPIC -fPIC -L/opt/padavan-ng/trunk/stage/lib -Wl,--gc-sections -Wall -o CMakeFiles/cmTC_4ba51.dir/src.cxx.o -c /opt/padavan-ng/trunk/libs/libnghttp2/nghttp2-1.47.0/build/CMakeFiles/CMakeTmp/src.cxx
cc1plus: warning: command line option '-Wno-pointer-sign' is valid for C/ObjC but not for C++
Linking CXX executable cmTC_4ba51
/usr/bin/cmake -E cmake_link_script CMakeFiles/cmTC_4ba51.dir/link.txt --verbose=1
/opt/padavan-ng/trunk/../toolchain/out/bin/mipsel-linux-uclibc-g++  -Os -fomit-frame-pointer -fno-stack-protector -femit-struct-debug-baseonly -fno-var-tracking -pipe  -DEMBED -I/opt/padavan-ng/trunk/stage/include -Dlinux -D__linux__ -Dunix -Wall -Wno-trigraphs -Wno-strict-aliasing -Wno-format-security -Wno-unused-but-set-variable -Wno-unused-const-variable -Wno-format-truncation -Wno-format-overflow -Wno-misleading-indentation -fconserve-stack -fno-strict-overflow -fno-var-tracking-assignments -fno-merge-all-constants -fmerge-constants -fno-stack-check -fno-delete-null-pointer-checks  -static-libstdc++ -fPIC -fPIC -DCXX_FLAG__Wall  -L/opt/padavan-ng/trunk/stage/lib -Wl,--gc-sections  -rdynamic CMakeFiles/cmTC_4ba51.dir/src.cxx.o  -o cmTC_4ba51 
make[5]: Leaving directory '/opt/padavan-ng/trunk/libs/libnghttp2/nghttp2-1.47.0/build/CMakeFiles/CMakeTmp'
make[4]: Leaving directory '/opt/padavan-ng/trunk/libs/libnghttp2/nghttp2-1.47.0/build/CMakeFiles/CMakeTmp'

Source file was:
int main() { return 0; }
Performing C++ SOURCE FILE Test CXX_FLAG__Wformat_security failed with the following output:
Change Dir: /opt/padavan-ng/trunk/libs/libnghttp2/nghttp2-1.47.0/build/CMakeFiles/CMakeTmp

Run Build Command:"/usr/bin/make" "cmTC_c409f/fast"
make[4]: Entering directory '/opt/padavan-ng/trunk/libs/libnghttp2/nghttp2-1.47.0/build/CMakeFiles/CMakeTmp'
/usr/bin/make -f CMakeFiles/cmTC_c409f.dir/build.make CMakeFiles/cmTC_c409f.dir/build
make[5]: Entering directory '/opt/padavan-ng/trunk/libs/libnghttp2/nghttp2-1.47.0/build/CMakeFiles/CMakeTmp'
Building CXX object CMakeFiles/cmTC_c409f.dir/src.cxx.o
/opt/padavan-ng/trunk/../toolchain/out/bin/mipsel-linux-uclibc-g++    -Os -fomit-frame-pointer -fno-stack-protector -femit-struct-debug-baseonly -fno-var-tracking -pipe  -DEMBED -I/opt/padavan-ng/trunk/stage/include -Dlinux -D__linux__ -Dunix -Wall -Wno-trigraphs -Wno-strict-aliasing -Wno-format-security -Wno-unused-but-set-variable -Wno-unused-const-variable -Wno-format-truncation -Wno-format-overflow -Wno-misleading-indentation -fconserve-stack -fno-strict-overflow -fno-var-tracking-assignments -fno-merge-all-constants -fmerge-constants -fno-stack-check -fno-delete-null-pointer-checks  -static-libstdc++ -fPIC -fPIC -DCXX_FLAG__Wformat_security   -mips32r2 -march=mips32r2 -mtune=1004kc -Os -fomit-frame-pointer -fno-stack-protector -femit-struct-debug-baseonly -fno-var-tracking -pipe  -DEMBED -I/opt/padavan-ng/trunk/stage/include -Dlinux -D__linux__ -Dunix -Wall -Wno-trigraphs -Wno-strict-aliasing -Wno-format-security -Wno-unused-but-set-variable -Wno-unused-const-variable -Wno-format-truncation -Wno-format-overflow -Wno-misleading-indentation -fconserve-stack -fno-strict-overflow -fno-var-tracking-assignments -fno-merge-all-constants -fmerge-constants -fno-stack-check -fno-delete-null-pointer-checks -Wno-pointer-sign -ffunction-sections -fdata-sections -fPIC -fPIC -L/opt/padavan-ng/trunk/stage/lib -Wl,--gc-sections -Wformat-security -o CMakeFiles/cmTC_c409f.dir/src.cxx.o -c /opt/padavan-ng/trunk/libs/libnghttp2/nghttp2-1.47.0/build/CMakeFiles/CMakeTmp/src.cxx
cc1plus: warning: command line option '-Wno-pointer-sign' is valid for C/ObjC but not for C++
Linking CXX executable cmTC_c409f
/usr/bin/cmake -E cmake_link_script CMakeFiles/cmTC_c409f.dir/link.txt --verbose=1
/opt/padavan-ng/trunk/../toolchain/out/bin/mipsel-linux-uclibc-g++  -Os -fomit-frame-pointer -fno-stack-protector -femit-struct-debug-baseonly -fno-var-tracking -pipe  -DEMBED -I/opt/padavan-ng/trunk/stage/include -Dlinux -D__linux__ -Dunix -Wall -Wno-trigraphs -Wno-strict-aliasing -Wno-format-security -Wno-unused-but-set-variable -Wno-unused-const-variable -Wno-format-truncation -Wno-format-overflow -Wno-misleading-indentation -fconserve-stack -fno-strict-overflow -fno-var-tracking-assignments -fno-merge-all-constants -fmerge-constants -fno-stack-check -fno-delete-null-pointer-checks  -static-libstdc++ -fPIC -fPIC -DCXX_FLAG__Wformat_security  -L/opt/padavan-ng/trunk/stage/lib -Wl,--gc-sections  -rdynamic CMakeFiles/cmTC_c409f.dir/src.cxx.o  -o cmTC_c409f 
make[5]: Leaving directory '/opt/padavan-ng/trunk/libs/libnghttp2/nghttp2-1.47.0/build/CMakeFiles/CMakeTmp'
make[4]: Leaving directory '/opt/padavan-ng/trunk/libs/libnghttp2/nghttp2-1.47.0/build/CMakeFiles/CMakeTmp'

Source file was:
int main() { return 0; }
